2024-07-23 12:41:56 error: uncaughtException: Router.use() requires a middleware function but got a undefined
TypeError: Router.use() requires a middleware function but got a undefined
    at Function.use (/Users/ajaypratapsingh/typescript-graphql-poc/node_modules/express/lib/router/index.js:469:13)
    at Function.<anonymous> (/Users/ajaypratapsingh/typescript-graphql-poc/node_modules/express/lib/application.js:227:21)
    at Array.forEach (<anonymous>)
    at Function.use (/Users/ajaypratapsingh/typescript-graphql-poc/node_modules/express/lib/application.js:224:7)
    at /Users/ajaypratapsingh/typescript-graphql-poc/src/app.ts:35:20
    at Array.forEach (<anonymous>)
    at App.initializeRoutes (/Users/ajaypratapsingh/typescript-graphql-poc/src/app.ts:34:16)
    at new App (/Users/ajaypratapsingh/typescript-graphql-poc/src/app.ts:29:14)
    at new Server (/Users/ajaypratapsingh/typescript-graphql-poc/src/server.ts:9:16)
    at Object.<anonymous> (/Users/ajaypratapsingh/typescript-graphql-poc/src/server.ts:14:16)
2024-07-23 12:48:22 error: uncaughtException: Router.use() requires a middleware function but got a undefined
TypeError: Router.use() requires a middleware function but got a undefined
    at Function.use (/Users/ajaypratapsingh/typescript-graphql-poc/node_modules/express/lib/router/index.js:469:13)
    at Function.<anonymous> (/Users/ajaypratapsingh/typescript-graphql-poc/node_modules/express/lib/application.js:227:21)
    at Array.forEach (<anonymous>)
    at Function.use (/Users/ajaypratapsingh/typescript-graphql-poc/node_modules/express/lib/application.js:224:7)
    at /Users/ajaypratapsingh/typescript-graphql-poc/src/app.ts:35:20
    at Array.forEach (<anonymous>)
    at App.initializeRoutes (/Users/ajaypratapsingh/typescript-graphql-poc/src/app.ts:34:16)
    at new App (/Users/ajaypratapsingh/typescript-graphql-poc/src/app.ts:29:14)
    at new Server (/Users/ajaypratapsingh/typescript-graphql-poc/src/server.ts:9:16)
    at Object.<anonymous> (/Users/ajaypratapsingh/typescript-graphql-poc/src/server.ts:14:16)
2024-07-23 12:51:09 error: uncaughtException: Router.use() requires a middleware function but got a undefined
TypeError: Router.use() requires a middleware function but got a undefined
    at Function.use (/Users/ajaypratapsingh/typescript-graphql-poc/node_modules/express/lib/router/index.js:469:13)
    at Function.<anonymous> (/Users/ajaypratapsingh/typescript-graphql-poc/node_modules/express/lib/application.js:227:21)
    at Array.forEach (<anonymous>)
    at Function.use (/Users/ajaypratapsingh/typescript-graphql-poc/node_modules/express/lib/application.js:224:7)
    at /Users/ajaypratapsingh/typescript-graphql-poc/src/app.ts:35:20
    at Array.forEach (<anonymous>)
    at App.initializeRoutes (/Users/ajaypratapsingh/typescript-graphql-poc/src/app.ts:34:16)
    at new App (/Users/ajaypratapsingh/typescript-graphql-poc/src/app.ts:29:14)
    at new Server (/Users/ajaypratapsingh/typescript-graphql-poc/src/server.ts:9:16)
    at Object.<anonymous> (/Users/ajaypratapsingh/typescript-graphql-poc/src/server.ts:14:16)
2024-07-23 12:52:02 error: uncaughtException: Router.use() requires a middleware function but got a undefined
TypeError: Router.use() requires a middleware function but got a undefined
    at Function.use (/Users/ajaypratapsingh/typescript-graphql-poc/node_modules/express/lib/router/index.js:469:13)
    at Function.<anonymous> (/Users/ajaypratapsingh/typescript-graphql-poc/node_modules/express/lib/application.js:227:21)
    at Array.forEach (<anonymous>)
    at Function.use (/Users/ajaypratapsingh/typescript-graphql-poc/node_modules/express/lib/application.js:224:7)
    at /Users/ajaypratapsingh/typescript-graphql-poc/src/app.ts:35:20
    at Array.forEach (<anonymous>)
    at App.initializeRoutes (/Users/ajaypratapsingh/typescript-graphql-poc/src/app.ts:34:16)
    at new App (/Users/ajaypratapsingh/typescript-graphql-poc/src/app.ts:29:14)
    at new Server (/Users/ajaypratapsingh/typescript-graphql-poc/src/server.ts:9:16)
    at Object.<anonymous> (/Users/ajaypratapsingh/typescript-graphql-poc/src/server.ts:14:16)
2024-07-23 12:54:35 error: uncaughtException: Router.use() requires a middleware function but got a undefined
TypeError: Router.use() requires a middleware function but got a undefined
    at Function.use (/Users/ajaypratapsingh/typescript-graphql-poc/node_modules/express/lib/router/index.js:469:13)
    at Function.<anonymous> (/Users/ajaypratapsingh/typescript-graphql-poc/node_modules/express/lib/application.js:227:21)
    at Array.forEach (<anonymous>)
    at Function.use (/Users/ajaypratapsingh/typescript-graphql-poc/node_modules/express/lib/application.js:224:7)
    at /Users/ajaypratapsingh/typescript-graphql-poc/src/app.ts:35:20
    at Array.forEach (<anonymous>)
    at App.initializeRoutes (/Users/ajaypratapsingh/typescript-graphql-poc/src/app.ts:34:16)
    at new App (/Users/ajaypratapsingh/typescript-graphql-poc/src/app.ts:29:14)
    at new Server (/Users/ajaypratapsingh/typescript-graphql-poc/src/server.ts:9:16)
    at Object.<anonymous> (/Users/ajaypratapsingh/typescript-graphql-poc/src/server.ts:14:16)
2024-07-23 12:56:09 error: uncaughtException: Router.use() requires a middleware function but got a undefined
TypeError: Router.use() requires a middleware function but got a undefined
    at Function.use (/Users/ajaypratapsingh/typescript-graphql-poc/node_modules/express/lib/router/index.js:469:13)
    at Function.<anonymous> (/Users/ajaypratapsingh/typescript-graphql-poc/node_modules/express/lib/application.js:227:21)
    at Array.forEach (<anonymous>)
    at Function.use (/Users/ajaypratapsingh/typescript-graphql-poc/node_modules/express/lib/application.js:224:7)
    at /Users/ajaypratapsingh/typescript-graphql-poc/src/app.ts:35:20
    at Array.forEach (<anonymous>)
    at App.initializeRoutes (/Users/ajaypratapsingh/typescript-graphql-poc/src/app.ts:34:16)
    at new App (/Users/ajaypratapsingh/typescript-graphql-poc/src/app.ts:29:14)
    at new Server (/Users/ajaypratapsingh/typescript-graphql-poc/src/server.ts:9:16)
    at Object.<anonymous> (/Users/ajaypratapsingh/typescript-graphql-poc/src/server.ts:14:16)
2024-07-23 12:56:21 error: uncaughtException: Router.use() requires a middleware function but got a undefined
TypeError: Router.use() requires a middleware function but got a undefined
    at Function.use (/Users/ajaypratapsingh/typescript-graphql-poc/node_modules/express/lib/router/index.js:469:13)
    at Function.<anonymous> (/Users/ajaypratapsingh/typescript-graphql-poc/node_modules/express/lib/application.js:227:21)
    at Array.forEach (<anonymous>)
    at Function.use (/Users/ajaypratapsingh/typescript-graphql-poc/node_modules/express/lib/application.js:224:7)
    at /Users/ajaypratapsingh/typescript-graphql-poc/src/app.ts:35:20
    at Array.forEach (<anonymous>)
    at App.initializeRoutes (/Users/ajaypratapsingh/typescript-graphql-poc/src/app.ts:34:16)
    at new App (/Users/ajaypratapsingh/typescript-graphql-poc/src/app.ts:29:14)
    at new Server (/Users/ajaypratapsingh/typescript-graphql-poc/src/server.ts:9:16)
    at Object.<anonymous> (/Users/ajaypratapsingh/typescript-graphql-poc/src/server.ts:14:16)
2024-07-23 12:56:58 error: uncaughtException: Router.use() requires a middleware function but got a undefined
TypeError: Router.use() requires a middleware function but got a undefined
    at Function.use (/Users/ajaypratapsingh/typescript-graphql-poc/node_modules/express/lib/router/index.js:469:13)
    at Function.<anonymous> (/Users/ajaypratapsingh/typescript-graphql-poc/node_modules/express/lib/application.js:227:21)
    at Array.forEach (<anonymous>)
    at Function.use (/Users/ajaypratapsingh/typescript-graphql-poc/node_modules/express/lib/application.js:224:7)
    at /Users/ajaypratapsingh/typescript-graphql-poc/src/app.ts:35:20
    at Array.forEach (<anonymous>)
    at App.initializeRoutes (/Users/ajaypratapsingh/typescript-graphql-poc/src/app.ts:34:16)
    at new App (/Users/ajaypratapsingh/typescript-graphql-poc/src/app.ts:29:14)
    at new Server (/Users/ajaypratapsingh/typescript-graphql-poc/src/server.ts:10:16)
    at Object.<anonymous> (/Users/ajaypratapsingh/typescript-graphql-poc/src/server.ts:15:16)
2024-07-23 12:57:02 error: uncaughtException: Router.use() requires a middleware function but got a undefined
TypeError: Router.use() requires a middleware function but got a undefined
    at Function.use (/Users/ajaypratapsingh/typescript-graphql-poc/node_modules/express/lib/router/index.js:469:13)
    at Function.<anonymous> (/Users/ajaypratapsingh/typescript-graphql-poc/node_modules/express/lib/application.js:227:21)
    at Array.forEach (<anonymous>)
    at Function.use (/Users/ajaypratapsingh/typescript-graphql-poc/node_modules/express/lib/application.js:224:7)
    at /Users/ajaypratapsingh/typescript-graphql-poc/src/app.ts:35:20
    at Array.forEach (<anonymous>)
    at App.initializeRoutes (/Users/ajaypratapsingh/typescript-graphql-poc/src/app.ts:34:16)
    at new App (/Users/ajaypratapsingh/typescript-graphql-poc/src/app.ts:29:14)
    at new Server (/Users/ajaypratapsingh/typescript-graphql-poc/src/server.ts:9:16)
    at Object.<anonymous> (/Users/ajaypratapsingh/typescript-graphql-poc/src/server.ts:14:16)
2024-07-23 13:15:33 error: uncaughtException: Router.use() requires a middleware function but got a undefined
TypeError: Router.use() requires a middleware function but got a undefined
    at Function.use (/Users/ajaypratapsingh/typescript-graphql-poc/node_modules/express/lib/router/index.js:469:13)
    at Function.<anonymous> (/Users/ajaypratapsingh/typescript-graphql-poc/node_modules/express/lib/application.js:227:21)
    at Array.forEach (<anonymous>)
    at Function.use (/Users/ajaypratapsingh/typescript-graphql-poc/node_modules/express/lib/application.js:224:7)
    at /Users/ajaypratapsingh/typescript-graphql-poc/src/app.ts:35:20
    at Array.forEach (<anonymous>)
    at App.initializeRoutes (/Users/ajaypratapsingh/typescript-graphql-poc/src/app.ts:34:16)
    at new App (/Users/ajaypratapsingh/typescript-graphql-poc/src/app.ts:29:14)
    at new Server (/Users/ajaypratapsingh/typescript-graphql-poc/src/server.ts:9:16)
    at Object.<anonymous> (/Users/ajaypratapsingh/typescript-graphql-poc/src/server.ts:14:16)
2024-07-23 13:15:42 error: uncaughtException: Router.use() requires a middleware function but got a undefined
TypeError: Router.use() requires a middleware function but got a undefined
    at Function.use (/Users/ajaypratapsingh/typescript-graphql-poc/node_modules/express/lib/router/index.js:469:13)
    at Function.<anonymous> (/Users/ajaypratapsingh/typescript-graphql-poc/node_modules/express/lib/application.js:227:21)
    at Array.forEach (<anonymous>)
    at Function.use (/Users/ajaypratapsingh/typescript-graphql-poc/node_modules/express/lib/application.js:224:7)
    at /Users/ajaypratapsingh/typescript-graphql-poc/src/app.ts:35:20
    at Array.forEach (<anonymous>)
    at App.initializeRoutes (/Users/ajaypratapsingh/typescript-graphql-poc/src/app.ts:34:16)
    at new App (/Users/ajaypratapsingh/typescript-graphql-poc/src/app.ts:29:14)
    at new Server (/Users/ajaypratapsingh/typescript-graphql-poc/src/server.ts:9:16)
    at Object.<anonymous> (/Users/ajaypratapsingh/typescript-graphql-poc/src/server.ts:14:16)
2024-07-23 13:15:46 error: uncaughtException: Router.use() requires a middleware function but got a undefined
TypeError: Router.use() requires a middleware function but got a undefined
    at Function.use (/Users/ajaypratapsingh/typescript-graphql-poc/node_modules/express/lib/router/index.js:469:13)
    at Function.<anonymous> (/Users/ajaypratapsingh/typescript-graphql-poc/node_modules/express/lib/application.js:227:21)
    at Array.forEach (<anonymous>)
    at Function.use (/Users/ajaypratapsingh/typescript-graphql-poc/node_modules/express/lib/application.js:224:7)
    at /Users/ajaypratapsingh/typescript-graphql-poc/src/app.ts:35:20
    at Array.forEach (<anonymous>)
    at App.initializeRoutes (/Users/ajaypratapsingh/typescript-graphql-poc/src/app.ts:34:16)
    at new App (/Users/ajaypratapsingh/typescript-graphql-poc/src/app.ts:29:14)
    at new Server (/Users/ajaypratapsingh/typescript-graphql-poc/src/server.ts:9:16)
    at Object.<anonymous> (/Users/ajaypratapsingh/typescript-graphql-poc/src/server.ts:14:16)
2024-07-23 13:16:44 error: uncaughtException: Router.use() requires a middleware function but got a undefined
TypeError: Router.use() requires a middleware function but got a undefined
    at Function.use (/Users/ajaypratapsingh/typescript-graphql-poc/node_modules/express/lib/router/index.js:469:13)
    at Function.<anonymous> (/Users/ajaypratapsingh/typescript-graphql-poc/node_modules/express/lib/application.js:227:21)
    at Array.forEach (<anonymous>)
    at Function.use (/Users/ajaypratapsingh/typescript-graphql-poc/node_modules/express/lib/application.js:224:7)
    at /Users/ajaypratapsingh/typescript-graphql-poc/src/app.ts:35:20
    at Array.forEach (<anonymous>)
    at App.initializeRoutes (/Users/ajaypratapsingh/typescript-graphql-poc/src/app.ts:34:16)
    at new App (/Users/ajaypratapsingh/typescript-graphql-poc/src/app.ts:29:14)
    at new Server (/Users/ajaypratapsingh/typescript-graphql-poc/src/server.ts:9:16)
    at Object.<anonymous> (/Users/ajaypratapsingh/typescript-graphql-poc/src/server.ts:14:16)
